D:\USERS\JPS1545\DSA2\DSA2\Z_DELETE\SOLUTIONCPP\DEBUG\ANGELSHADERCOMPILER.OBJ
D:\USERS\JPS1545\DSA2\DSA2\Z_DELETE\SOLUTIONCPP\DEBUG\APPLICATIONCLASS.OBJ
D:\USERS\JPS1545\DSA2\DSA2\Z_DELETE\SOLUTIONCPP\DEBUG\CAMERACLASS.OBJ
D:\USERS\JPS1545\DSA2\DSA2\Z_DELETE\SOLUTIONCPP\DEBUG\EMPTYCLASS.OBJ
D:\USERS\JPS1545\DSA2\DSA2\Z_DELETE\SOLUTIONCPP\DEBUG\EMPTYSINGLETONCLASS.OBJ
D:\USERS\JPS1545\DSA2\DSA2\Z_DELETE\SOLUTIONCPP\DEBUG\FILEREADERCLASS.OBJ
D:\USERS\JPS1545\DSA2\DSA2\Z_DELETE\SOLUTIONCPP\DEBUG\FOLDERCLASS.OBJ
D:\USERS\JPS1545\DSA2\DSA2\Z_DELETE\SOLUTIONCPP\DEBUG\FRAMECLASS.OBJ
D:\USERS\JPS1545\DSA2\DSA2\Z_DELETE\SOLUTIONCPP\DEBUG\INSTANCECLASS.OBJ
D:\USERS\JPS1545\DSA2\DSA2\Z_DELETE\SOLUTIONCPP\DEBUG\MAIN.OBJ
D:\USERS\JPS1545\DSA2\DSA2\Z_DELETE\SOLUTIONCPP\DEBUG\MATERIALCLASS.OBJ
D:\USERS\JPS1545\DSA2\DSA2\Z_DELETE\SOLUTIONCPP\DEBUG\MATERIALMANAGERCLASS.OBJ
D:\USERS\JPS1545\DSA2\DSA2\Z_DELETE\SOLUTIONCPP\DEBUG\MODELCLASS.OBJ
D:\USERS\JPS1545\DSA2\DSA2\Z_DELETE\SOLUTIONCPP\DEBUG\MODELMANAGERCLASS.OBJ
D:\USERS\JPS1545\DSA2\DSA2\Z_DELETE\SOLUTIONCPP\DEBUG\POLYGONCLASS.OBJ
D:\USERS\JPS1545\DSA2\DSA2\Z_DELETE\SOLUTIONCPP\DEBUG\POLYHEDRONCLASS.OBJ
D:\USERS\JPS1545\DSA2\DSA2\Z_DELETE\SOLUTIONCPP\DEBUG\SHAPECLASS.OBJ
D:\USERS\JPS1545\DSA2\DSA2\Z_DELETE\SOLUTIONCPP\DEBUG\SYSTEMCLASS.OBJ
D:\USERS\JPS1545\DSA2\DSA2\Z_DELETE\SOLUTIONCPP\DEBUG\TEXTURECLASS.OBJ
D:\USERS\JPS1545\DSA2\DSA2\Z_DELETE\SOLUTIONCPP\DEBUG\TEXTUREMANAGERCLASS.OBJ
D:\USERS\JPS1545\DSA2\DSA2\Z_DELETE\SOLUTIONCPP\DEBUG\VC110.PDB
D:\USERS\JPS1545\DSA2\DSA2\Z_DELETE\SOLUTIONCPP_D.ILK
D:\USERS\JPS1545\DSA2\DSA2\Z_DELETE\SOLUTIONCPP_D.EXE
D:\USERS\JPS1545\DSA2\DSA2\Z_DELETE\SOLUTIONCPP_D.PDB
D:\USERS\JPS1545\DSA2\DSA2\Z_DELETE\SOLUTIONCPP\DEBUG\ICON.RES
D:\Users\jps1545\DSA2\DSA2\Z_DELETE\SolutionCPP\Debug\AngelShaderCompiler.obj
D:\Users\jps1545\DSA2\DSA2\Z_DELETE\SolutionCPP\Debug\ApplicationClass.obj
D:\Users\jps1545\DSA2\DSA2\Z_DELETE\SolutionCPP\Debug\CameraClass.obj
D:\Users\jps1545\DSA2\DSA2\Z_DELETE\SolutionCPP\Debug\EmptyClass.obj
D:\Users\jps1545\DSA2\DSA2\Z_DELETE\SolutionCPP\Debug\EmptySingletonClass.obj
D:\Users\jps1545\DSA2\DSA2\Z_DELETE\SolutionCPP\Debug\FileReaderClass.obj
D:\Users\jps1545\DSA2\DSA2\Z_DELETE\SolutionCPP\Debug\FolderClass.obj
D:\Users\jps1545\DSA2\DSA2\Z_DELETE\SolutionCPP\Debug\FrameClass.obj
D:\Users\jps1545\DSA2\DSA2\Z_DELETE\SolutionCPP\Debug\InstanceClass.obj
D:\Users\jps1545\DSA2\DSA2\Z_DELETE\SolutionCPP\Debug\Main.obj
D:\Users\jps1545\DSA2\DSA2\Z_DELETE\SolutionCPP\Debug\MaterialClass.obj
D:\Users\jps1545\DSA2\DSA2\Z_DELETE\SolutionCPP\Debug\MaterialManagerClass.obj
D:\Users\jps1545\DSA2\DSA2\Z_DELETE\SolutionCPP\Debug\ModelClass.obj
D:\Users\jps1545\DSA2\DSA2\Z_DELETE\SolutionCPP\Debug\ModelManagerClass.obj
D:\Users\jps1545\DSA2\DSA2\Z_DELETE\SolutionCPP\Debug\PolygonClass.obj
D:\Users\jps1545\DSA2\DSA2\Z_DELETE\SolutionCPP\Debug\PolyhedronClass.obj
D:\Users\jps1545\DSA2\DSA2\Z_DELETE\SolutionCPP\Debug\ShapeClass.obj
D:\Users\jps1545\DSA2\DSA2\Z_DELETE\SolutionCPP\Debug\SystemClass.obj
D:\Users\jps1545\DSA2\DSA2\Z_DELETE\SolutionCPP\Debug\TextureClass.obj
D:\Users\jps1545\DSA2\DSA2\Z_DELETE\SolutionCPP\Debug\TextureManagerClass.obj
D:\Users\jps1545\DSA2\DSA2\Z_DELETE\SolutionCPP\Debug\cl.command.1.tlog
D:\Users\jps1545\DSA2\DSA2\Z_DELETE\SolutionCPP\Debug\CL.read.1.tlog
D:\Users\jps1545\DSA2\DSA2\Z_DELETE\SolutionCPP\Debug\CL.write.1.tlog
D:\Users\jps1545\DSA2\DSA2\Z_DELETE\SolutionCPP\Debug\link.6168-cvtres.read.1.tlog
D:\Users\jps1545\DSA2\DSA2\Z_DELETE\SolutionCPP\Debug\link.6168-cvtres.write.1.tlog
D:\Users\jps1545\DSA2\DSA2\Z_DELETE\SolutionCPP\Debug\link.6168-rc.read.1.tlog
D:\Users\jps1545\DSA2\DSA2\Z_DELETE\SolutionCPP\Debug\link.6168-rc.write.1.tlog
D:\Users\jps1545\DSA2\DSA2\Z_DELETE\SolutionCPP\Debug\link.6168.read.1.tlog
D:\Users\jps1545\DSA2\DSA2\Z_DELETE\SolutionCPP\Debug\link.6168.write.1.tlog
D:\Users\jps1545\DSA2\DSA2\Z_DELETE\SolutionCPP\Debug\link.command.1.tlog
D:\Users\jps1545\DSA2\DSA2\Z_DELETE\SolutionCPP\Debug\link.read.1.tlog
D:\Users\jps1545\DSA2\DSA2\Z_DELETE\SolutionCPP\Debug\link.write.1.tlog
D:\Users\jps1545\DSA2\DSA2\Z_DELETE\SolutionCPP\Debug\rc.command.1.tlog
D:\Users\jps1545\DSA2\DSA2\Z_DELETE\SolutionCPP\Debug\rc.read.1.tlog
D:\Users\jps1545\DSA2\DSA2\Z_DELETE\SolutionCPP\Debug\rc.write.1.tlog
D:\Users\jps1545\DSA2\DSA2\Z_DELETE\SolutionCPP\Debug\ICON.res
D:\Users\jps1545\DSA2\DSA2\Z_DELETE\SolutionCPP\Debug\vc110.idb
D:\Users\jps1545\DSA2\DSA2\Z_DELETE\SolutionCPP\Debug\vc110.pdb
D:\Users\jps1545\DSA2\DSA2\Z_DELETE\SolutionCPP_d.pdb
D:\Users\jps1545\DSA2\DSA2\Z_DELETE\SolutionCPP_d.exe
D:\Users\jps1545\DSA2\DSA2\Z_DELETE\SolutionCPP_d.ilk
