C:\USERS\JAMES\DOWNLOADS\7_CIRCLEVELOCITY\Z_DELETE\CIRCLEWITHVELOCITY\DEBUG\ANGELSHADERCOMPILER.OBJ
C:\USERS\JAMES\DOWNLOADS\7_CIRCLEVELOCITY\Z_DELETE\CIRCLEWITHVELOCITY\DEBUG\APPLICATION.OBJ
C:\USERS\JAMES\DOWNLOADS\7_CIRCLEVELOCITY\Z_DELETE\CIRCLEWITHVELOCITY\DEBUG\CIRCLE.OBJ
C:\USERS\JAMES\DOWNLOADS\7_CIRCLEVELOCITY\Z_DELETE\CIRCLEWITHVELOCITY\DEBUG\VC110.PDB
C:\USERS\JAMES\DOWNLOADS\7_CIRCLEVELOCITY\Z_DELETE\CIRCLEWITHVELOCITY_D.ILK
C:\USERS\JAMES\DOWNLOADS\7_CIRCLEVELOCITY\Z_DELETE\CIRCLEWITHVELOCITY_D.EXE
C:\USERS\JAMES\DOWNLOADS\7_CIRCLEVELOCITY\Z_DELETE\CIRCLEWITHVELOCITY_D.PDB
C:\USERS\JAMES\DOWNLOADS\7_CIRCLEVELOCITY\Z_DELETE\CIRCLEWITHVELOCITY\DEBUG\ICON.RES
C:\Users\James\Downloads\7_CircleVelocity\Z_DELETE\CircleWithVelocity\Debug\AngelShaderCompiler.obj
C:\Users\James\Downloads\7_CircleVelocity\Z_DELETE\CircleWithVelocity\Debug\Application.obj
C:\Users\James\Downloads\7_CircleVelocity\Z_DELETE\CircleWithVelocity\Debug\Circle.obj
C:\Users\James\Downloads\7_CircleVelocity\Z_DELETE\CircleWithVelocity\Debug\cl.command.1.tlog
C:\Users\James\Downloads\7_CircleVelocity\Z_DELETE\CircleWithVelocity\Debug\CL.read.1.tlog
C:\Users\James\Downloads\7_CircleVelocity\Z_DELETE\CircleWithVelocity\Debug\CL.write.1.tlog
C:\Users\James\Downloads\7_CircleVelocity\Z_DELETE\CircleWithVelocity\Debug\link-cvtres.read.1.tlog
C:\Users\James\Downloads\7_CircleVelocity\Z_DELETE\CircleWithVelocity\Debug\link-cvtres.write.1.tlog
C:\Users\James\Downloads\7_CircleVelocity\Z_DELETE\CircleWithVelocity\Debug\link-rc.read.1.tlog
C:\Users\James\Downloads\7_CircleVelocity\Z_DELETE\CircleWithVelocity\Debug\link-rc.write.1.tlog
C:\Users\James\Downloads\7_CircleVelocity\Z_DELETE\CircleWithVelocity\Debug\link.command.1.tlog
C:\Users\James\Downloads\7_CircleVelocity\Z_DELETE\CircleWithVelocity\Debug\link.read.1.tlog
C:\Users\James\Downloads\7_CircleVelocity\Z_DELETE\CircleWithVelocity\Debug\link.write.1.tlog
C:\Users\James\Downloads\7_CircleVelocity\Z_DELETE\CircleWithVelocity\Debug\rc.command.1.tlog
C:\Users\James\Downloads\7_CircleVelocity\Z_DELETE\CircleWithVelocity\Debug\rc.read.1.tlog
C:\Users\James\Downloads\7_CircleVelocity\Z_DELETE\CircleWithVelocity\Debug\rc.write.1.tlog
C:\Users\James\Downloads\7_CircleVelocity\Z_DELETE\CircleWithVelocity\Debug\ICON.res
C:\Users\James\Downloads\7_CircleVelocity\Z_DELETE\CircleWithVelocity\Debug\vc110.idb
C:\Users\James\Downloads\7_CircleVelocity\Z_DELETE\CircleWithVelocity\Debug\vc110.pdb
C:\Users\James\Downloads\7_CircleVelocity\Z_DELETE\CircleWithVelocity_d.pdb
C:\Users\James\Downloads\7_CircleVelocity\Z_DELETE\CircleWithVelocity_d.exe
C:\Users\James\Downloads\7_CircleVelocity\Z_DELETE\CircleWithVelocity_d.ilk
