C:\USERS\JAMES\DOCUMENTS\GITHUB\DSA2\Z_DELETE\DIFFRACTION\DEBUG\ANGELSHADERCOMPILER.OBJ
C:\USERS\JAMES\DOCUMENTS\GITHUB\DSA2\Z_DELETE\DIFFRACTION\DEBUG\APPLICATION.OBJ
C:\USERS\JAMES\DOCUMENTS\GITHUB\DSA2\Z_DELETE\DIFFRACTION\DEBUG\CIRCLE.OBJ
C:\USERS\JAMES\DOCUMENTS\GITHUB\DSA2\Z_DELETE\DIFFRACTION\DEBUG\VC110.PDB
C:\USERS\JAMES\DOCUMENTS\GITHUB\DSA2\Z_DELETE\DIFFRACTION_D.ILK
C:\USERS\JAMES\DOCUMENTS\GITHUB\DSA2\Z_DELETE\DIFFRACTION_D.EXE
C:\USERS\JAMES\DOCUMENTS\GITHUB\DSA2\Z_DELETE\DIFFRACTION_D.PDB
C:\USERS\JAMES\DOCUMENTS\GITHUB\DSA2\Z_DELETE\DIFFRACTION\DEBUG\ICON.RES
C:\Users\James\Documents\GitHub\DSA2\Z_DELETE\Diffraction\Debug\AngelShaderCompiler.obj
C:\Users\James\Documents\GitHub\DSA2\Z_DELETE\Diffraction\Debug\Application.obj
C:\Users\James\Documents\GitHub\DSA2\Z_DELETE\Diffraction\Debug\Circle.obj
C:\Users\James\Documents\GitHub\DSA2\Z_DELETE\Diffraction\Debug\cl.command.1.tlog
C:\Users\James\Documents\GitHub\DSA2\Z_DELETE\Diffraction\Debug\CL.read.1.tlog
C:\Users\James\Documents\GitHub\DSA2\Z_DELETE\Diffraction\Debug\CL.write.1.tlog
C:\Users\James\Documents\GitHub\DSA2\Z_DELETE\Diffraction\Debug\link-cvtres.read.1.tlog
C:\Users\James\Documents\GitHub\DSA2\Z_DELETE\Diffraction\Debug\link-cvtres.write.1.tlog
C:\Users\James\Documents\GitHub\DSA2\Z_DELETE\Diffraction\Debug\link-rc.read.1.tlog
C:\Users\James\Documents\GitHub\DSA2\Z_DELETE\Diffraction\Debug\link-rc.write.1.tlog
C:\Users\James\Documents\GitHub\DSA2\Z_DELETE\Diffraction\Debug\link.command.1.tlog
C:\Users\James\Documents\GitHub\DSA2\Z_DELETE\Diffraction\Debug\link.read.1.tlog
C:\Users\James\Documents\GitHub\DSA2\Z_DELETE\Diffraction\Debug\link.write.1.tlog
C:\Users\James\Documents\GitHub\DSA2\Z_DELETE\Diffraction\Debug\rc.command.1.tlog
C:\Users\James\Documents\GitHub\DSA2\Z_DELETE\Diffraction\Debug\rc.read.1.tlog
C:\Users\James\Documents\GitHub\DSA2\Z_DELETE\Diffraction\Debug\rc.write.1.tlog
C:\Users\James\Documents\GitHub\DSA2\Z_DELETE\Diffraction\Debug\ICON.res
C:\Users\James\Documents\GitHub\DSA2\Z_DELETE\Diffraction\Debug\vc110.idb
C:\Users\James\Documents\GitHub\DSA2\Z_DELETE\Diffraction\Debug\vc110.pdb
C:\Users\James\Documents\GitHub\DSA2\Z_DELETE\Diffraction_d.pdb
C:\Users\James\Documents\GitHub\DSA2\Z_DELETE\Diffraction_d.exe
C:\Users\James\Documents\GitHub\DSA2\Z_DELETE\Diffraction_d.ilk
