Build started 4/18/2014 9:17:03 PM.
     1>Project "C:\Users\James\Documents\GitHub\DSA2\Solution\Solution.vcxproj" on node 2 (Build target(s)).
     1>ClCompile:
         C:\Program Files (x86)\Microsoft Visual Studio 11.0\VC\bin\CL.exe /c /IC:\Users\James\Documents\GitHub\DSA2\include /ZI /nologo /W3 /WX- /Od /Oy- /D DEBUG /D _MBCS /D _MBCS /Gm /EHsc /RTC1 /MDd /GS /fp:precise /Zc:wchar_t /Zc:forScope /Fo"C:\Users\James\Documents\GitHub\DSA2\Z_DELETE\Diffraction\Debug\\" /Fd"C:\Users\James\Documents\GitHub\DSA2\Z_DELETE\Diffraction\Debug\vc110.pdb" /Gd /TP /analyze- /errorReport:prompt Application.cpp
         Application.cpp
       Link:
         C:\Program Files (x86)\Microsoft Visual Studio 11.0\VC\bin\link.exe /ERRORREPORT:PROMPT /OUT:"C:\Users\James\Documents\GitHub\DSA2\Z_DELETE\Diffraction_d.exe" /INCREMENTAL /NOLOGO glew32.lib freeglut.lib kernel32.lib user32.lib gdi32.lib winspool.lib comdlg32.lib advapi32.lib shell32.lib ole32.lib oleaut32.lib uuid.lib odbc32.lib odbccp32.lib /MANIFEST /MANIFESTUAC:"level='asInvoker' uiAccess='false'" /manifest:embed /DEBUG /PDB:"C:\Users\James\Documents\GitHub\DSA2\Z_DELETE\Diffraction_d.pdb" /TLBID:1 /DYNAMICBASE /NXCOMPAT /IMPLIB:"C:\Users\James\Documents\GitHub\DSA2\Z_DELETE\Diffraction_d.lib" /MACHINE:X86 C:\Users\James\Documents\GitHub\DSA2\Z_DELETE\Diffraction\Debug\ICON.res
         C:\Users\James\Documents\GitHub\DSA2\Z_DELETE\Diffraction\Debug\AngelShaderCompiler.obj
         C:\Users\James\Documents\GitHub\DSA2\Z_DELETE\Diffraction\Debug\Application.obj
         C:\Users\James\Documents\GitHub\DSA2\Z_DELETE\Diffraction\Debug\Camera.obj
         C:\Users\James\Documents\GitHub\DSA2\Z_DELETE\Diffraction\Debug\Circle.obj
         Solution.vcxproj -> C:\Users\James\Documents\GitHub\DSA2\Z_DELETE\Diffraction_d.exe
       PostBuildEvent:
         mkdir “C:\Users\James\Documents\GitHub\DSA2\_Binary\”
         mkdir “C:\Users\James\Documents\GitHub\DSA2\_Binary\Shaders\”
         copy “C:\Users\James\Documents\GitHub\DSA2\Z_DELETE\Diffraction_d.exe” “C:\Users\James\Documents\GitHub\DSA2\_Binary”
         xcopy "C:\Users\James\Documents\GitHub\DSA2\include\GL\x86\bin" "C:\Users\James\Documents\GitHub\DSA2\_Binary" /y
         xcopy "C:\Users\James\Documents\GitHub\DSA2\Solution\Shaders" "C:\Users\James\Documents\GitHub\DSA2\_Binary\Shaders" /y
         :VCEnd
         A subdirectory or file C:\Users\James\Documents\GitHub\DSA2\_Binary\ already exists.
         A subdirectory or file C:\Users\James\Documents\GitHub\DSA2\_Binary\Shaders\ already exists.
                 1 file(s) copied.
         C:\Users\James\Documents\GitHub\DSA2\include\GL\x86\bin\freeglut.dll
         C:\Users\James\Documents\GitHub\DSA2\include\GL\x86\bin\glew32.dll
         C:\Users\James\Documents\GitHub\DSA2\include\GL\x86\bin\glew32mx.dll
         C:\Users\James\Documents\GitHub\DSA2\include\GL\x86\bin\GLFW.dll
         4 File(s) copied
         C:\Users\James\Documents\GitHub\DSA2\Solution\Shaders\fshader.glsl
         C:\Users\James\Documents\GitHub\DSA2\Solution\Shaders\vshader.glsl
         2 File(s) copied
     1>Done Building Project "C:\Users\James\Documents\GitHub\DSA2\Solution\Solution.vcxproj" (Build target(s)).

Build succeeded.

Time Elapsed 00:00:03.02
